<?xml version="1.0" encoding="UTF-8"?>
<!-- Generated by org.testng.reporters.JUnitReportReporter -->
<testsuite hostname="Hp" name="testcases.VerifyLoginPageWithReports" tests="1" failures="0" timestamp="25 Aug 2018 06:09:10 GMT" time="31.344" errors="0">
  <testcase name="testHomePage" time="31.344" classname="testcases.VerifyLoginPageWithReports"/>
</testsuite> <!-- testcases.VerifyLoginPageWithReports -->
