<?xml version="1.0" encoding="UTF-8"?>
<!-- Generated by org.testng.reporters.JUnitReportReporter -->
<testsuite hostname="Hp" name="testcases.VerifyHomePage" tests="1" failures="0" timestamp="25 Aug 2018 06:09:10 GMT" time="13.299" errors="0">
  <testcase name="testHomePage" time="13.299" classname="testcases.VerifyHomePage"/>
</testsuite> <!-- testcases.VerifyHomePage -->
