<?xml version="1.0" encoding="UTF-8"?>
<!-- Generated by org.testng.reporters.JUnitReportReporter -->
<testsuite hostname="Hp" name="testcases.VerifyLoginPageWithReports1" tests="1" failures="0" timestamp="25 Aug 2018 06:09:10 GMT" time="35.746" errors="0">
  <testcase name="testHomePage" time="35.746" classname="testcases.VerifyLoginPageWithReports1"/>
</testsuite> <!-- testcases.VerifyLoginPageWithReports1 -->
